Using pre-set license
Built from '2020.3/staging' branch; Version is '2020.3.32f1 (12f8b0834f07) revision 1243312'; Using compiler version '192528614'; Build Type 'Release'
OS: 'Windows 10  (10.0.19044) 64bit CoreSingleLanguage' Language: 'es' Physical Memory: 8102 MB
BatchMode: 1, IsHumanControllingUs: 0, StartBugReporterOnCrash: 0, Is64bit: 1, IsPro: 0

COMMAND LINE ARGUMENTS:
C:\Program Files\Unity\Hub\Editor\2020.3.32f1\Editor\Unity.exe
-adb2
-batchMode
-noUpm
-name
AssetImportWorker0
-projectPath
C:/Users/Emanuel/Desktop/Unity Learn/Prototype2
-logFile
Logs/AssetImportWorker0.log
-srvPort
59487
Successfully changed project path to: C:/Users/Emanuel/Desktop/Unity Learn/Prototype2
C:/Users/Emanuel/Desktop/Unity Learn/Prototype2
Using Asset Import Pipeline V2.
Refreshing native plugins compatible for Editor in 76.24 ms, found 2 plugins.
Preloading 0 native plugins for Editor in 0.00 ms.
Initialize engine version: 2020.3.32f1 (12f8b0834f07)
[Subsystems] Discovering subsystems at path C:/Program Files/Unity/Hub/Editor/2020.3.32f1/Editor/Data/Resources/UnitySubsystems
[Subsystems] Discovering subsystems at path C:/Users/Emanuel/Desktop/Unity Learn/Prototype2/Assets
GfxDevice: creating device client; threaded=0
Direct3D:
    Version:  Direct3D 11.0 [level 11.1]
    Renderer: Intel(R) HD Graphics Family (ID=0xa16)
    Vendor:   
    VRAM:     2048 MB
    Driver:   20.19.15.5070
Initialize mono
Mono path[0] = 'C:/Program Files/Unity/Hub/Editor/2020.3.32f1/Editor/Data/Managed'
Mono path[1] = 'C:/Program Files/Unity/Hub/Editor/2020.3.32f1/Editor/Data/MonoBleedingEdge/lib/mono/unityjit'
Mono config path = 'C:/Program Files/Unity/Hub/Editor/2020.3.32f1/Editor/Data/MonoBleedingEdge/etc'
Using monoOptions --debugger-agent=transport=dt_socket,embedding=1,server=y,suspend=n,address=127.0.0.1:56300
Begin MonoManager ReloadAssembly
Registering precompiled unity dll's ...
Register platform support module: C:/Program Files/Unity/Hub/Editor/2020.3.32f1/Editor/Data/PlaybackEngines/WebGLSupport/UnityEditor.WebGL.Extensions.dll
Register platform support module: C:/Program Files/Unity/Hub/Editor/2020.3.32f1/Editor/Data/PlaybackEngines/WindowsStandaloneSupport/UnityEditor.WindowsStandalone.Extensions.dll
Registered in 0.004288 seconds.
Native extension for WindowsStandalone target not found
Native extension for WebGL target not found
Refreshing native plugins compatible for Editor in 83.78 ms, found 2 plugins.
Preloading 0 native plugins for Editor in 0.00 ms.
Mono: successfully reloaded assembly
- Completed reload, in  1.522 seconds
Domain Reload Profiling:
	ReloadAssembly (1522ms)
		BeginReloadAssembly (185ms)
			ExecutionOrderSort (0ms)
			DisableScriptedObjects (0ms)
			BackupInstance (0ms)
			ReleaseScriptingObjects (0ms)
			CreateAndSetChildDomain (2ms)
		EndReloadAssembly (1162ms)
			LoadAssemblies (182ms)
			RebuildTransferFunctionScriptingTraits (0ms)
			SetupTypeCache (344ms)
			ReleaseScriptCaches (0ms)
			RebuildScriptCaches (102ms)
			SetupLoadedEditorAssemblies (394ms)
				LogAssemblyErrors (0ms)
				InitializePlatformSupportModulesInManaged (15ms)
				SetLoadedEditorAssemblies (1ms)
				RefreshPlugins (84ms)
				BeforeProcessingInitializeOnLoad (30ms)
				ProcessInitializeOnLoadAttributes (201ms)
				ProcessInitializeOnLoadMethodAttributes (62ms)
				AfterProcessingInitializeOnLoad (0ms)
				EditorAssembliesLoaded (0ms)
			ExecutionOrderSort2 (0ms)
			AwakeInstancesAfterBackupRestoration (0ms)
Platform modules already initialized, skipping
Registering precompiled user dll's ...
Registered in 0.006028 seconds.
Begin MonoManager ReloadAssembly
Native extension for WindowsStandalone target not found
Native extension for WebGL target not found
Refreshing native plugins compatible for Editor in 0.67 ms, found 2 plugins.
Preloading 0 native plugins for Editor in 0.00 ms.
Mono: successfully reloaded assembly
- Completed reload, in  3.611 seconds
Domain Reload Profiling:
	ReloadAssembly (3613ms)
		BeginReloadAssembly (727ms)
			ExecutionOrderSort (0ms)
			DisableScriptedObjects (11ms)
			BackupInstance (0ms)
			ReleaseScriptingObjects (0ms)
			CreateAndSetChildDomain (121ms)
		EndReloadAssembly (2528ms)
			LoadAssemblies (438ms)
			RebuildTransferFunctionScriptingTraits (0ms)
			SetupTypeCache (852ms)
			ReleaseScriptCaches (1ms)
			RebuildScriptCaches (107ms)
			SetupLoadedEditorAssemblies (1051ms)
				LogAssemblyErrors (0ms)
				InitializePlatformSupportModulesInManaged (15ms)
				SetLoadedEditorAssemblies (1ms)
				RefreshPlugins (1ms)
				BeforeProcessingInitializeOnLoad (281ms)
				ProcessInitializeOnLoadAttributes (707ms)
				ProcessInitializeOnLoadMethodAttributes (32ms)
				AfterProcessingInitializeOnLoad (14ms)
				EditorAssembliesLoaded (1ms)
			ExecutionOrderSort2 (0ms)
			AwakeInstancesAfterBackupRestoration (17ms)
Platform modules already initialized, skipping
========================================================================
Worker process is ready to serve import requests
Launched and connected shader compiler UnityShaderCompiler.exe after 0.31 seconds
Refreshing native plugins compatible for Editor in 6.23 ms, found 2 plugins.
Preloading 0 native plugins for Editor in 0.00 ms.
Unloading 1510 Unused Serialized files (Serialized files now loaded: 0)
System memory in use before: 70.2 MB.
System memory in use after: 70.3 MB.

Unloading 16 unused Assets to reduce memory usage. Loaded Objects now: 1947.
Total: 10.535800 ms (FindLiveObjects: 0.617000 ms CreateObjectMapping: 0.256900 ms MarkObjects: 9.497600 ms  DeleteObjects: 0.161700 ms)

AssetImportParameters requested are different than current active one (requested -> active):
  custom:framework-win-MediaFoundation: 216162199b28c13a410421893ffa2e32 -> 
  custom:video-decoder-ogg-theora: a1e56fd34408186e4bbccfd4996cb3dc -> 
  custom:container-muxer-webm: aa71ff27fc2769a1b78a27578f13a17b -> 
  custom:container-demuxer-webm: 4f35f7cbe854078d1ac9338744f61a02 -> 
  custom:container-demuxer-ogg: 62fdf1f143b41e24485cea50d1cbac27 -> 
  custom:video-encoder-webm-vp8: eb34c28f22e8b96e1ab97ce403110664 -> 
  custom:video-decoder-webm-vp8: 9c59270c3fd7afecdb556c50c9e8de78 -> 
  custom:audio-decoder-ogg-vorbis: bf7c407c2cedff20999df2af8eb42d56 -> 
  custom:audio-encoder-webm-vorbis: bf7c407c2cedff20999df2af8eb42d56 -> 
========================================================================
Received Import Request.
  path: Assets/Prefabs/Animal_Moose_01.prefab
  artifactKey: Guid(e0eb697b59d8c1d41a1db4ae377cec53) Importer(815301076,1909f56bfc062723c751e8b465ee728b)
Start importing Assets/Prefabs/Animal_Moose_01.prefab using Guid(e0eb697b59d8c1d41a1db4ae377cec53) Importer(815301076,1909f56bfc062723c751e8b465ee728b)  -> (artifact id: '4ed5b7fd56347714496e3d419e9fff4b') in 0.537709 seconds 
========================================================================
Received Import Request.
  Time since last request: 81.141863 seconds.
  path: Assets/Prefabs/Animal_Moose_01.prefab
  artifactKey: Guid(e0eb697b59d8c1d41a1db4ae377cec53) Importer(815301076,1909f56bfc062723c751e8b465ee728b)
Start importing Assets/Prefabs/Animal_Moose_01.prefab using Guid(e0eb697b59d8c1d41a1db4ae377cec53) Importer(815301076,1909f56bfc062723c751e8b465ee728b)  -> (artifact id: 'c9e8f4c4d1852b2494b11f1454951b8c') in 0.079547 seconds 
========================================================================
Received Import Request.
  Time since last request: 5.241321 seconds.
  path: Assets/Prefabs/Animal_Moose_01.prefab
  artifactKey: Guid(e0eb697b59d8c1d41a1db4ae377cec53) Importer(815301076,1909f56bfc062723c751e8b465ee728b)
Start importing Assets/Prefabs/Animal_Moose_01.prefab using Guid(e0eb697b59d8c1d41a1db4ae377cec53) Importer(815301076,1909f56bfc062723c751e8b465ee728b)  -> (artifact id: '13d619c242474f68ae04b4cf4bd232b9') in 0.114253 seconds 
========================================================================
Received Import Request.
  Time since last request: 16.529723 seconds.
  path: Assets/Prefabs/Animal_Moose_01.prefab
  artifactKey: Guid(e0eb697b59d8c1d41a1db4ae377cec53) Importer(815301076,1909f56bfc062723c751e8b465ee728b)
Start importing Assets/Prefabs/Animal_Moose_01.prefab using Guid(e0eb697b59d8c1d41a1db4ae377cec53) Importer(815301076,1909f56bfc062723c751e8b465ee728b)  -> (artifact id: 'd83ea302baa42f77c35f3c2b35eb123b') in 0.199527 seconds 
========================================================================
Received Import Request.
  Time since last request: 39.907993 seconds.
  path: Assets/Prefabs/Food_Pizza_01.prefab
  artifactKey: Guid(e30eaf9c124ac364fa631969eeb6cfaf) Importer(815301076,1909f56bfc062723c751e8b465ee728b)
Start importing Assets/Prefabs/Food_Pizza_01.prefab using Guid(e30eaf9c124ac364fa631969eeb6cfaf) Importer(815301076,1909f56bfc062723c751e8b465ee728b)  -> (artifact id: 'd7ee5b9e03c9bed76fac51d1c755e8ed') in 0.081351 seconds 
========================================================================
Received Import Request.
  Time since last request: 8.651385 seconds.
  path: Assets/Prefabs/Food_Pizza_01.prefab
  artifactKey: Guid(e30eaf9c124ac364fa631969eeb6cfaf) Importer(815301076,1909f56bfc062723c751e8b465ee728b)
Start importing Assets/Prefabs/Food_Pizza_01.prefab using Guid(e30eaf9c124ac364fa631969eeb6cfaf) Importer(815301076,1909f56bfc062723c751e8b465ee728b)  -> (artifact id: '2a429a567827f4f85c092c40d38ba788') in 0.047719 seconds 
========================================================================
Received Import Request.
  Time since last request: 3.399881 seconds.
  path: Assets/Prefabs/Food_Pizza_01.prefab
  artifactKey: Guid(e30eaf9c124ac364fa631969eeb6cfaf) Importer(815301076,1909f56bfc062723c751e8b465ee728b)
Start importing Assets/Prefabs/Food_Pizza_01.prefab using Guid(e30eaf9c124ac364fa631969eeb6cfaf) Importer(815301076,1909f56bfc062723c751e8b465ee728b)  -> (artifact id: '7db06ac60c52bb41be1f9dc4e3c5eb5b') in 0.051761 seconds 
========================================================================
Received Import Request.
  Time since last request: 7847.320096 seconds.
  path: Assets/Prefabs/Animal_Moose_01.prefab
  artifactKey: Guid(e0eb697b59d8c1d41a1db4ae377cec53) Importer(815301076,1909f56bfc062723c751e8b465ee728b)
Start importing Assets/Prefabs/Animal_Moose_01.prefab using Guid(e0eb697b59d8c1d41a1db4ae377cec53) Importer(815301076,1909f56bfc062723c751e8b465ee728b)  -> (artifact id: '1a0dcae575bbb2e3b94dea8a3fff0740') in 0.088303 seconds 
========================================================================
Received Import Request.
  Time since last request: 5.576602 seconds.
  path: Assets/Prefabs/Animal_Moose_01.prefab
  artifactKey: Guid(e0eb697b59d8c1d41a1db4ae377cec53) Importer(815301076,1909f56bfc062723c751e8b465ee728b)
Start importing Assets/Prefabs/Animal_Moose_01.prefab using Guid(e0eb697b59d8c1d41a1db4ae377cec53) Importer(815301076,1909f56bfc062723c751e8b465ee728b)  -> (artifact id: '1eae833933c21dd20e21338e7ffb84d5') in 0.088658 seconds 
========================================================================
Received Import Request.
  Time since last request: 5.243100 seconds.
  path: Assets/Prefabs/Animal_Moose_01.prefab
  artifactKey: Guid(e0eb697b59d8c1d41a1db4ae377cec53) Importer(815301076,1909f56bfc062723c751e8b465ee728b)
Start importing Assets/Prefabs/Animal_Moose_01.prefab using Guid(e0eb697b59d8c1d41a1db4ae377cec53) Importer(815301076,1909f56bfc062723c751e8b465ee728b)  -> (artifact id: 'd961375e4bfe242967ed1e5d6ffcf2a8') in 0.073313 seconds 
========================================================================
Received Import Request.
  Time since last request: 4.493661 seconds.
  path: Assets/Prefabs/Animal_Moose_01.prefab
  artifactKey: Guid(e0eb697b59d8c1d41a1db4ae377cec53) Importer(815301076,1909f56bfc062723c751e8b465ee728b)
Start importing Assets/Prefabs/Animal_Moose_01.prefab using Guid(e0eb697b59d8c1d41a1db4ae377cec53) Importer(815301076,1909f56bfc062723c751e8b465ee728b)  -> (artifact id: 'b560bfa205c1824a373b2dac33eac510') in 0.073097 seconds 
========================================================================
Received Import Request.
  Time since last request: 56.353735 seconds.
  path: Assets/Prefabs/Animal_Moose_01.prefab
  artifactKey: Guid(e0eb697b59d8c1d41a1db4ae377cec53) Importer(815301076,1909f56bfc062723c751e8b465ee728b)
Start importing Assets/Prefabs/Animal_Moose_01.prefab using Guid(e0eb697b59d8c1d41a1db4ae377cec53) Importer(815301076,1909f56bfc062723c751e8b465ee728b)  -> (artifact id: '9494d1083381369f9adcf7854a071899') in 0.066176 seconds 
========================================================================
Received Import Request.
  Time since last request: 26.656736 seconds.
  path: Assets/Prefabs/Animal_Moose_02.prefab
  artifactKey: Guid(acf8bd835084c9b4988a6ce851e1b575) Importer(815301076,1909f56bfc062723c751e8b465ee728b)
Start importing Assets/Prefabs/Animal_Moose_02.prefab using Guid(acf8bd835084c9b4988a6ce851e1b575) Importer(815301076,1909f56bfc062723c751e8b465ee728b)  -> (artifact id: '6b70c3e94f6d824ca8be490de6c5ef54') in 0.188610 seconds 
========================================================================
Received Import Request.
  Time since last request: 22.464997 seconds.
  path: Assets/Prefabs/Animal_Stag_02.prefab
  artifactKey: Guid(e25b849704201df46be98efedb5d0bb3) Importer(815301076,1909f56bfc062723c751e8b465ee728b)
Start importing Assets/Prefabs/Animal_Stag_02.prefab using Guid(e25b849704201df46be98efedb5d0bb3) Importer(815301076,1909f56bfc062723c751e8b465ee728b)  -> (artifact id: '56a17a1dbd10fc9539cd4866ed2feee9') in 0.114126 seconds 
AssetImportWorkerClient::OnTransportError - code=2 error=End of file
